C:\USERS\CFXW-MIO\DARK_FLAME_MASTER\COCOS2D-2.0-X-2.0.4\DEBUG.WIN32\COSMOSLINK.WIN32.EXE
C:\USERS\CFXW-MIO\DARK_FLAME_MASTER\COCOS2D-2.0-X-2.0.4\DEBUG.WIN32\COSMOSLINK.WIN32.ILK
C:\USERS\CFXW-MIO\DARK_FLAME_MASTER\COCOS2D-2.0-X-2.0.4\DEBUG.WIN32\COSMOSLINK.WIN32.PDB
C:\USERS\CFXW-MIO\DARK_FLAME_MASTER\CPP\VS2010工程\COSMOSLINK\PROJ.WIN32\DEBUG.WIN32\APPDELEGATE.OBJ
C:\Users\cfxw-mio\Dark_Flame_Master\CPP\VS2010工程\CosmosLink\proj.win32\Debug.win32\cl.command.1.tlog
C:\Users\cfxw-mio\Dark_Flame_Master\CPP\VS2010工程\CosmosLink\proj.win32\Debug.win32\CL.read.1.tlog
C:\Users\cfxw-mio\Dark_Flame_Master\CPP\VS2010工程\CosmosLink\proj.win32\Debug.win32\CL.write.1.tlog
C:\USERS\CFXW-MIO\DARK_FLAME_MASTER\CPP\VS2010工程\COSMOSLINK\PROJ.WIN32\DEBUG.WIN32\COSLOGIC.OBJ
C:\USERS\CFXW-MIO\DARK_FLAME_MASTER\CPP\VS2010工程\COSMOSLINK\PROJ.WIN32\DEBUG.WIN32\COSMOSLINK.RES
C:\USERS\CFXW-MIO\DARK_FLAME_MASTER\CPP\VS2010工程\COSMOSLINK\PROJ.WIN32\DEBUG.WIN32\COSMOSLINK.WIN32.EXE.EMBED.MANIFEST
C:\USERS\CFXW-MIO\DARK_FLAME_MASTER\CPP\VS2010工程\COSMOSLINK\PROJ.WIN32\DEBUG.WIN32\COSMOSLINK.WIN32.EXE.EMBED.MANIFEST.RES
C:\USERS\CFXW-MIO\DARK_FLAME_MASTER\CPP\VS2010工程\COSMOSLINK\PROJ.WIN32\DEBUG.WIN32\COSMOSLINK.WIN32.EXE.INTERMEDIATE.MANIFEST
C:\Users\cfxw-mio\Dark_Flame_Master\CPP\VS2010工程\CosmosLink\proj.win32\Debug.win32\CosmosLink.win32.vcxprojResolveAssemblyReference.cache
C:\Users\cfxw-mio\Dark_Flame_Master\CPP\VS2010工程\CosmosLink\proj.win32\Debug.win32\CosmosLink.win32.write.1.tlog
C:\Users\cfxw-mio\Dark_Flame_Master\CPP\VS2010工程\CosmosLink\proj.win32\Debug.win32\CosmosLink.win32_manifest.rc
C:\USERS\CFXW-MIO\DARK_FLAME_MASTER\CPP\VS2010工程\COSMOSLINK\PROJ.WIN32\DEBUG.WIN32\COSSCENE.OBJ
C:\USERS\CFXW-MIO\DARK_FLAME_MASTER\CPP\VS2010工程\COSMOSLINK\PROJ.WIN32\DEBUG.WIN32\DIFFICULTYSCENE.OBJ
C:\USERS\CFXW-MIO\DARK_FLAME_MASTER\CPP\VS2010工程\COSMOSLINK\PROJ.WIN32\DEBUG.WIN32\GALLERYSCENE.OBJ
C:\USERS\CFXW-MIO\DARK_FLAME_MASTER\CPP\VS2010工程\COSMOSLINK\PROJ.WIN32\DEBUG.WIN32\GAMEENDSCENE.OBJ
C:\USERS\CFXW-MIO\DARK_FLAME_MASTER\CPP\VS2010工程\COSMOSLINK\PROJ.WIN32\DEBUG.WIN32\LEVELSELECTSCENE.OBJ
C:\Users\cfxw-mio\Dark_Flame_Master\CPP\VS2010工程\CosmosLink\proj.win32\Debug.win32\link.1156.read.1.tlog
C:\Users\cfxw-mio\Dark_Flame_Master\CPP\VS2010工程\CosmosLink\proj.win32\Debug.win32\link.1156.write.1.tlog
C:\Users\cfxw-mio\Dark_Flame_Master\CPP\VS2010工程\CosmosLink\proj.win32\Debug.win32\link.1156-cvtres.read.1.tlog
C:\Users\cfxw-mio\Dark_Flame_Master\CPP\VS2010工程\CosmosLink\proj.win32\Debug.win32\link.1156-cvtres.write.1.tlog
C:\Users\cfxw-mio\Dark_Flame_Master\CPP\VS2010工程\CosmosLink\proj.win32\Debug.win32\link.2288.read.1.tlog
C:\Users\cfxw-mio\Dark_Flame_Master\CPP\VS2010工程\CosmosLink\proj.win32\Debug.win32\link.2288.write.1.tlog
C:\Users\cfxw-mio\Dark_Flame_Master\CPP\VS2010工程\CosmosLink\proj.win32\Debug.win32\link.2288-cvtres.read.1.tlog
C:\Users\cfxw-mio\Dark_Flame_Master\CPP\VS2010工程\CosmosLink\proj.win32\Debug.win32\link.2288-cvtres.write.1.tlog
C:\Users\cfxw-mio\Dark_Flame_Master\CPP\VS2010工程\CosmosLink\proj.win32\Debug.win32\link.2452.read.1.tlog
C:\Users\cfxw-mio\Dark_Flame_Master\CPP\VS2010工程\CosmosLink\proj.win32\Debug.win32\link.2452.write.1.tlog
C:\Users\cfxw-mio\Dark_Flame_Master\CPP\VS2010工程\CosmosLink\proj.win32\Debug.win32\link.2452-cvtres.read.1.tlog
C:\Users\cfxw-mio\Dark_Flame_Master\CPP\VS2010工程\CosmosLink\proj.win32\Debug.win32\link.2452-cvtres.write.1.tlog
C:\Users\cfxw-mio\Dark_Flame_Master\CPP\VS2010工程\CosmosLink\proj.win32\Debug.win32\link.2680.read.1.tlog
C:\Users\cfxw-mio\Dark_Flame_Master\CPP\VS2010工程\CosmosLink\proj.win32\Debug.win32\link.2680.write.1.tlog
C:\Users\cfxw-mio\Dark_Flame_Master\CPP\VS2010工程\CosmosLink\proj.win32\Debug.win32\link.2680-cvtres.read.1.tlog
C:\Users\cfxw-mio\Dark_Flame_Master\CPP\VS2010工程\CosmosLink\proj.win32\Debug.win32\link.2680-cvtres.write.1.tlog
C:\Users\cfxw-mio\Dark_Flame_Master\CPP\VS2010工程\CosmosLink\proj.win32\Debug.win32\link.3256.read.1.tlog
C:\Users\cfxw-mio\Dark_Flame_Master\CPP\VS2010工程\CosmosLink\proj.win32\Debug.win32\link.3256.write.1.tlog
C:\Users\cfxw-mio\Dark_Flame_Master\CPP\VS2010工程\CosmosLink\proj.win32\Debug.win32\link.3256-cvtres.read.1.tlog
C:\Users\cfxw-mio\Dark_Flame_Master\CPP\VS2010工程\CosmosLink\proj.win32\Debug.win32\link.3256-cvtres.write.1.tlog
C:\Users\cfxw-mio\Dark_Flame_Master\CPP\VS2010工程\CosmosLink\proj.win32\Debug.win32\link.3348.read.1.tlog
C:\Users\cfxw-mio\Dark_Flame_Master\CPP\VS2010工程\CosmosLink\proj.win32\Debug.win32\link.3348.write.1.tlog
C:\Users\cfxw-mio\Dark_Flame_Master\CPP\VS2010工程\CosmosLink\proj.win32\Debug.win32\link.3348-cvtres.read.1.tlog
C:\Users\cfxw-mio\Dark_Flame_Master\CPP\VS2010工程\CosmosLink\proj.win32\Debug.win32\link.3348-cvtres.write.1.tlog
C:\Users\cfxw-mio\Dark_Flame_Master\CPP\VS2010工程\CosmosLink\proj.win32\Debug.win32\link.3508.read.1.tlog
C:\Users\cfxw-mio\Dark_Flame_Master\CPP\VS2010工程\CosmosLink\proj.win32\Debug.win32\link.3508.write.1.tlog
C:\Users\cfxw-mio\Dark_Flame_Master\CPP\VS2010工程\CosmosLink\proj.win32\Debug.win32\link.3508-cvtres.read.1.tlog
C:\Users\cfxw-mio\Dark_Flame_Master\CPP\VS2010工程\CosmosLink\proj.win32\Debug.win32\link.3508-cvtres.write.1.tlog
C:\Users\cfxw-mio\Dark_Flame_Master\CPP\VS2010工程\CosmosLink\proj.win32\Debug.win32\link.5656.read.1.tlog
C:\Users\cfxw-mio\Dark_Flame_Master\CPP\VS2010工程\CosmosLink\proj.win32\Debug.win32\link.5656.write.1.tlog
C:\Users\cfxw-mio\Dark_Flame_Master\CPP\VS2010工程\CosmosLink\proj.win32\Debug.win32\link.5656-cvtres.read.1.tlog
C:\Users\cfxw-mio\Dark_Flame_Master\CPP\VS2010工程\CosmosLink\proj.win32\Debug.win32\link.5656-cvtres.write.1.tlog
C:\Users\cfxw-mio\Dark_Flame_Master\CPP\VS2010工程\CosmosLink\proj.win32\Debug.win32\link.6508.read.1.tlog
C:\Users\cfxw-mio\Dark_Flame_Master\CPP\VS2010工程\CosmosLink\proj.win32\Debug.win32\link.6508.write.1.tlog
C:\Users\cfxw-mio\Dark_Flame_Master\CPP\VS2010工程\CosmosLink\proj.win32\Debug.win32\link.6508-cvtres.read.1.tlog
C:\Users\cfxw-mio\Dark_Flame_Master\CPP\VS2010工程\CosmosLink\proj.win32\Debug.win32\link.6508-cvtres.write.1.tlog
C:\Users\cfxw-mio\Dark_Flame_Master\CPP\VS2010工程\CosmosLink\proj.win32\Debug.win32\link.6724.read.1.tlog
C:\Users\cfxw-mio\Dark_Flame_Master\CPP\VS2010工程\CosmosLink\proj.win32\Debug.win32\link.6724.write.1.tlog
C:\Users\cfxw-mio\Dark_Flame_Master\CPP\VS2010工程\CosmosLink\proj.win32\Debug.win32\link.6724-cvtres.read.1.tlog
C:\Users\cfxw-mio\Dark_Flame_Master\CPP\VS2010工程\CosmosLink\proj.win32\Debug.win32\link.6724-cvtres.write.1.tlog
C:\Users\cfxw-mio\Dark_Flame_Master\CPP\VS2010工程\CosmosLink\proj.win32\Debug.win32\link.6816.read.1.tlog
C:\Users\cfxw-mio\Dark_Flame_Master\CPP\VS2010工程\CosmosLink\proj.win32\Debug.win32\link.6816.write.1.tlog
C:\Users\cfxw-mio\Dark_Flame_Master\CPP\VS2010工程\CosmosLink\proj.win32\Debug.win32\link.6816-cvtres.read.1.tlog
C:\Users\cfxw-mio\Dark_Flame_Master\CPP\VS2010工程\CosmosLink\proj.win32\Debug.win32\link.6816-cvtres.write.1.tlog
C:\Users\cfxw-mio\Dark_Flame_Master\CPP\VS2010工程\CosmosLink\proj.win32\Debug.win32\link.7268.read.1.tlog
C:\Users\cfxw-mio\Dark_Flame_Master\CPP\VS2010工程\CosmosLink\proj.win32\Debug.win32\link.7268.write.1.tlog
C:\Users\cfxw-mio\Dark_Flame_Master\CPP\VS2010工程\CosmosLink\proj.win32\Debug.win32\link.7268-cvtres.read.1.tlog
C:\Users\cfxw-mio\Dark_Flame_Master\CPP\VS2010工程\CosmosLink\proj.win32\Debug.win32\link.7268-cvtres.write.1.tlog
C:\Users\cfxw-mio\Dark_Flame_Master\CPP\VS2010工程\CosmosLink\proj.win32\Debug.win32\link.7448.read.1.tlog
C:\Users\cfxw-mio\Dark_Flame_Master\CPP\VS2010工程\CosmosLink\proj.win32\Debug.win32\link.7448.write.1.tlog
C:\Users\cfxw-mio\Dark_Flame_Master\CPP\VS2010工程\CosmosLink\proj.win32\Debug.win32\link.7448-cvtres.read.1.tlog
C:\Users\cfxw-mio\Dark_Flame_Master\CPP\VS2010工程\CosmosLink\proj.win32\Debug.win32\link.7448-cvtres.write.1.tlog
C:\Users\cfxw-mio\Dark_Flame_Master\CPP\VS2010工程\CosmosLink\proj.win32\Debug.win32\link.760.read.1.tlog
C:\Users\cfxw-mio\Dark_Flame_Master\CPP\VS2010工程\CosmosLink\proj.win32\Debug.win32\link.760.write.1.tlog
C:\Users\cfxw-mio\Dark_Flame_Master\CPP\VS2010工程\CosmosLink\proj.win32\Debug.win32\link.760-cvtres.read.1.tlog
C:\Users\cfxw-mio\Dark_Flame_Master\CPP\VS2010工程\CosmosLink\proj.win32\Debug.win32\link.760-cvtres.write.1.tlog
C:\Users\cfxw-mio\Dark_Flame_Master\CPP\VS2010工程\CosmosLink\proj.win32\Debug.win32\link.7628.read.1.tlog
C:\Users\cfxw-mio\Dark_Flame_Master\CPP\VS2010工程\CosmosLink\proj.win32\Debug.win32\link.7628.write.1.tlog
C:\Users\cfxw-mio\Dark_Flame_Master\CPP\VS2010工程\CosmosLink\proj.win32\Debug.win32\link.7628-cvtres.read.1.tlog
C:\Users\cfxw-mio\Dark_Flame_Master\CPP\VS2010工程\CosmosLink\proj.win32\Debug.win32\link.7628-cvtres.write.1.tlog
C:\Users\cfxw-mio\Dark_Flame_Master\CPP\VS2010工程\CosmosLink\proj.win32\Debug.win32\link.7752.read.1.tlog
C:\Users\cfxw-mio\Dark_Flame_Master\CPP\VS2010工程\CosmosLink\proj.win32\Debug.win32\link.7752.write.1.tlog
C:\Users\cfxw-mio\Dark_Flame_Master\CPP\VS2010工程\CosmosLink\proj.win32\Debug.win32\link.7752-cvtres.read.1.tlog
C:\Users\cfxw-mio\Dark_Flame_Master\CPP\VS2010工程\CosmosLink\proj.win32\Debug.win32\link.7752-cvtres.write.1.tlog
C:\Users\cfxw-mio\Dark_Flame_Master\CPP\VS2010工程\CosmosLink\proj.win32\Debug.win32\link.8032.read.1.tlog
C:\Users\cfxw-mio\Dark_Flame_Master\CPP\VS2010工程\CosmosLink\proj.win32\Debug.win32\link.8032.write.1.tlog
C:\Users\cfxw-mio\Dark_Flame_Master\CPP\VS2010工程\CosmosLink\proj.win32\Debug.win32\link.8032-cvtres.read.1.tlog
C:\Users\cfxw-mio\Dark_Flame_Master\CPP\VS2010工程\CosmosLink\proj.win32\Debug.win32\link.8032-cvtres.write.1.tlog
C:\Users\cfxw-mio\Dark_Flame_Master\CPP\VS2010工程\CosmosLink\proj.win32\Debug.win32\link.8460.read.1.tlog
C:\Users\cfxw-mio\Dark_Flame_Master\CPP\VS2010工程\CosmosLink\proj.win32\Debug.win32\link.8460.write.1.tlog
C:\Users\cfxw-mio\Dark_Flame_Master\CPP\VS2010工程\CosmosLink\proj.win32\Debug.win32\link.8460-cvtres.read.1.tlog
C:\Users\cfxw-mio\Dark_Flame_Master\CPP\VS2010工程\CosmosLink\proj.win32\Debug.win32\link.8460-cvtres.write.1.tlog
C:\Users\cfxw-mio\Dark_Flame_Master\CPP\VS2010工程\CosmosLink\proj.win32\Debug.win32\link.command.1.tlog
C:\Users\cfxw-mio\Dark_Flame_Master\CPP\VS2010工程\CosmosLink\proj.win32\Debug.win32\link.read.1.tlog
C:\Users\cfxw-mio\Dark_Flame_Master\CPP\VS2010工程\CosmosLink\proj.win32\Debug.win32\link.write.1.tlog
C:\Users\cfxw-mio\Dark_Flame_Master\CPP\VS2010工程\CosmosLink\proj.win32\Debug.win32\link-cvtres.read.1.tlog
C:\Users\cfxw-mio\Dark_Flame_Master\CPP\VS2010工程\CosmosLink\proj.win32\Debug.win32\link-cvtres.write.1.tlog
C:\USERS\CFXW-MIO\DARK_FLAME_MASTER\CPP\VS2010工程\COSMOSLINK\PROJ.WIN32\DEBUG.WIN32\MAIN.OBJ
C:\USERS\CFXW-MIO\DARK_FLAME_MASTER\CPP\VS2010工程\COSMOSLINK\PROJ.WIN32\DEBUG.WIN32\MAINMENUSCENE.OBJ
C:\Users\cfxw-mio\Dark_Flame_Master\CPP\VS2010工程\CosmosLink\proj.win32\Debug.win32\mt.command.1.tlog
C:\Users\cfxw-mio\Dark_Flame_Master\CPP\VS2010工程\CosmosLink\proj.win32\Debug.win32\mt.read.1.tlog
C:\Users\cfxw-mio\Dark_Flame_Master\CPP\VS2010工程\CosmosLink\proj.win32\Debug.win32\mt.write.1.tlog
C:\USERS\CFXW-MIO\DARK_FLAME_MASTER\CPP\VS2010工程\COSMOSLINK\PROJ.WIN32\DEBUG.WIN32\OPTIONSCENE.OBJ
C:\USERS\CFXW-MIO\DARK_FLAME_MASTER\CPP\VS2010工程\COSMOSLINK\PROJ.WIN32\DEBUG.WIN32\PLAYINGGAMESCENE.OBJ
C:\Users\cfxw-mio\Dark_Flame_Master\CPP\VS2010工程\CosmosLink\proj.win32\Debug.win32\rc.command.1.tlog
C:\Users\cfxw-mio\Dark_Flame_Master\CPP\VS2010工程\CosmosLink\proj.win32\Debug.win32\rc.read.1.tlog
C:\Users\cfxw-mio\Dark_Flame_Master\CPP\VS2010工程\CosmosLink\proj.win32\Debug.win32\rc.write.1.tlog
C:\USERS\CFXW-MIO\DARK_FLAME_MASTER\CPP\VS2010工程\COSMOSLINK\PROJ.WIN32\DEBUG.WIN32\TINYSTR.OBJ
C:\USERS\CFXW-MIO\DARK_FLAME_MASTER\CPP\VS2010工程\COSMOSLINK\PROJ.WIN32\DEBUG.WIN32\TINYXML.OBJ
C:\USERS\CFXW-MIO\DARK_FLAME_MASTER\CPP\VS2010工程\COSMOSLINK\PROJ.WIN32\DEBUG.WIN32\TINYXMLERROR.OBJ
C:\USERS\CFXW-MIO\DARK_FLAME_MASTER\CPP\VS2010工程\COSMOSLINK\PROJ.WIN32\DEBUG.WIN32\TINYXMLPARSER.OBJ
C:\Users\cfxw-mio\Dark_Flame_Master\CPP\VS2010工程\CosmosLink\proj.win32\Debug.win32\vc100.idb
C:\USERS\CFXW-MIO\DARK_FLAME_MASTER\CPP\VS2010工程\COSMOSLINK\PROJ.WIN32\DEBUG.WIN32\VC100.PDB
C:\USERS\CFXW-MIO\DARK_FLAME_MASTER\CPP\VS2010工程\COSMOSLINK\PROJ.WIN32\DEBUG.WIN32\VISIBLERECT.OBJ
