生成启动时间为 2013/6/11 18:03:12。
     1>项目“C:\Users\cfxw-mio\Dark_Flame_Master\CPP\VS2010工程\CosmosLink\proj.win32\CosmosLink.win32.vcxproj”在节点 4 上(build 个目标)。
     1>InitializeBuildStatus:
         正在创建“Debug.win32\CosmosLink.win32.unsuccessfulbuild”，因为已指定“AlwaysCreate”。
       ClCompile:
         D:\software\Microsoft Visual Studio 10.0\VC\bin\CL.exe /c /I. /I..\Classes /I"C:\Users\cfxw-mio\Dark_Flame_Master\cocos2d-2.0-x-2.0.4\cocos2dx" /I"C:\Users\cfxw-mio\Dark_Flame_Master\cocos2d-2.0-x-2.0.4\cocos2dx\include" /I"C:\Users\cfxw-mio\Dark_Flame_Master\cocos2d-2.0-x-2.0.4\cocos2dx\kazmath\include" /I"C:\Users\cfxw-mio\Dark_Flame_Master\cocos2d-2.0-x-2.0.4\cocos2dx\platform\win32" /I"C:\Users\cfxw-mio\Dark_Flame_Master\cocos2d-2.0-x-2.0.4\cocos2dx\platform\third_party\win32" /I"C:\Users\cfxw-mio\Dark_Flame_Master\cocos2d-2.0-x-2.0.4\cocos2dx\platform\third_party\win32\OGLES" /I"C:\Users\cfxw-mio\Dark_Flame_Master\cocos2d-2.0-x-2.0.4\external" /I"C:\Users\cfxw-mio\Dark_Flame_Master\cocos2d-2.0-x-2.0.4\CocosDenshion\include" /ZI /nologo /W3 /WX- /Od /Oy- /D WIN32 /D _WINDOWS /D STRICT /D _CRT_SECURE_NO_WARNINGS /D _SCL_SECURE_NO_WARNINGS_DEBUG /D COCOS2D_DEBUG=1 /D _UNICODE /D UNICODE /Gm /EHsc /RTC1 /MDd /GS /fp:precise /Zc:wchar_t /Zc:forScope /Fo"Debug.win32\\" /Fd"Debug.win32\vc100.pdb" /Gd /TP /wd4267 /wd4251 /wd4244 /analyze- /errorReport:prompt ..\Classes\AppDelegate.cpp ..\Classes\CosLogic.cpp ..\Classes\CosScene.cpp ..\Classes\DifficultyScene.cpp ..\Classes\GalleryScene.cpp ..\Classes\GameEndScene.cpp ..\Classes\LevelSelectScene.cpp ..\Classes\MainMenuScene.cpp ..\Classes\OptionScene.cpp ..\Classes\PlayingGameScene.cpp ..\Classes\tinystr.cpp ..\Classes\tinyxml.cpp ..\Classes\tinyxmlerror.cpp ..\Classes\tinyxmlparser.cpp ..\Classes\VisibleRect.cpp main.cpp
         main.cpp
         VisibleRect.cpp
         tinyxmlparser.cpp
         tinyxmlerror.cpp
         tinyxml.cpp
         tinystr.cpp
         PlayingGameScene.cpp
         OptionScene.cpp
         MainMenuScene.cpp
         LevelSelectScene.cpp
         GameEndScene.cpp
         GalleryScene.cpp
         DifficultyScene.cpp
         CosScene.cpp
         CosLogic.cpp
     1>c:\users\cfxw-mio\dark_flame_master\cpp\vs2010工程\cosmoslink\classes\coslogic.cpp(40): warning C4101: “j”: 未引用的局部变量
     1>c:\users\cfxw-mio\dark_flame_master\cpp\vs2010工程\cosmoslink\classes\coslogic.cpp(92): warning C4101: “NeedRanNum”: 未引用的局部变量
         AppDelegate.cpp
         正在生成代码...
       ResourceCompile:
         C:\Program Files (x86)\Microsoft SDKs\Windows\v7.0A\bin\rc.exe /D _DEBUG /D _UNICODE /D UNICODE /l"0x0409" /IDebug.win32\ /nologo /fo"Debug.win32\CosmosLink.res" CosmosLink.rc 
       ManifestResourceCompile:
         C:\Program Files (x86)\Microsoft SDKs\Windows\v7.0A\bin\rc.exe /nologo /fo"Debug.win32\CosmosLink.win32.exe.embed.manifest.res" Debug.win32\CosmosLink.win32_manifest.rc 
       Link:
         D:\software\Microsoft Visual Studio 10.0\VC\bin\link.exe /ERRORREPORT:PROMPT /OUT:"C:\Users\cfxw-mio\Dark_Flame_Master\cocos2d-2.0-x-2.0.4\Debug.win32\CosmosLink.win32.exe" /INCREMENTAL /NOLOGO /LIBPATH:"C:\Users\cfxw-mio\Dark_Flame_Master\cocos2d-2.0-x-2.0.4\Debug.win32\\" libcocos2d.lib libExtensions.lib opengl32.lib glew32.lib libBox2d.lib libCocosDenshion.lib kernel32.lib user32.lib gdi32.lib winspool.lib comdlg32.lib advapi32.lib shell32.lib ole32.lib oleaut32.lib uuid.lib odbc32.lib odbccp32.lib /MANIFEST /ManifestFile:"Debug.win32\CosmosLink.win32.exe.intermediate.manifest" /MANIFESTUAC:"level='asInvoker' uiAccess='false'" /DEBUG /PDB:"C:\Users\cfxw-mio\Dark_Flame_Master\cocos2d-2.0-x-2.0.4\Debug.win32\CosmosLink.win32.pdb" /SUBSYSTEM:WINDOWS /TLBID:1 /DYNAMICBASE /NXCOMPAT /IMPLIB:"C:\Users\cfxw-mio\Dark_Flame_Master\cocos2d-2.0-x-2.0.4\Debug.win32\CosmosLink.win32.lib" /MACHINE:X86 Debug.win32\CosmosLink.res
         Debug.win32\CosmosLink.win32.exe.embed.manifest.res
         Debug.win32\AppDelegate.obj
         Debug.win32\CosLogic.obj
         Debug.win32\CosScene.obj
         Debug.win32\DifficultyScene.obj
         Debug.win32\GalleryScene.obj
         Debug.win32\GameEndScene.obj
         Debug.win32\LevelSelectScene.obj
         Debug.win32\MainMenuScene.obj
         Debug.win32\OptionScene.obj
         Debug.win32\PlayingGameScene.obj
         Debug.win32\tinystr.obj
         Debug.win32\tinyxml.obj
         Debug.win32\tinyxmlerror.obj
         Debug.win32\tinyxmlparser.obj
         Debug.win32\VisibleRect.obj
         Debug.win32\main.obj
       Manifest:
         C:\Program Files (x86)\Microsoft SDKs\Windows\v7.0A\bin\mt.exe /nologo /verbose /out:"Debug.win32\CosmosLink.win32.exe.embed.manifest" /manifest Debug.win32\CosmosLink.win32.exe.intermediate.manifest
         C:\Program Files (x86)\Microsoft SDKs\Windows\v7.0A\bin\rc.exe /nologo /fo"Debug.win32\CosmosLink.win32.exe.embed.manifest.res" Debug.win32\CosmosLink.win32_manifest.rc 
       LinkEmbedManifest:
         D:\software\Microsoft Visual Studio 10.0\VC\bin\link.exe /ERRORREPORT:PROMPT /OUT:"C:\Users\cfxw-mio\Dark_Flame_Master\cocos2d-2.0-x-2.0.4\Debug.win32\CosmosLink.win32.exe" /INCREMENTAL /NOLOGO /LIBPATH:"C:\Users\cfxw-mio\Dark_Flame_Master\cocos2d-2.0-x-2.0.4\Debug.win32\\" libcocos2d.lib libExtensions.lib opengl32.lib glew32.lib libBox2d.lib libCocosDenshion.lib kernel32.lib user32.lib gdi32.lib winspool.lib comdlg32.lib advapi32.lib shell32.lib ole32.lib oleaut32.lib uuid.lib odbc32.lib odbccp32.lib /MANIFEST /ManifestFile:"Debug.win32\CosmosLink.win32.exe.intermediate.manifest" /MANIFESTUAC:"level='asInvoker' uiAccess='false'" /DEBUG /PDB:"C:\Users\cfxw-mio\Dark_Flame_Master\cocos2d-2.0-x-2.0.4\Debug.win32\CosmosLink.win32.pdb" /SUBSYSTEM:WINDOWS /TLBID:1 /DYNAMICBASE /NXCOMPAT /IMPLIB:"C:\Users\cfxw-mio\Dark_Flame_Master\cocos2d-2.0-x-2.0.4\Debug.win32\CosmosLink.win32.lib" /MACHINE:X86 Debug.win32\CosmosLink.res
         Debug.win32\CosmosLink.win32.exe.embed.manifest.res
         Debug.win32\AppDelegate.obj
         Debug.win32\CosLogic.obj
         Debug.win32\CosScene.obj
         Debug.win32\DifficultyScene.obj
         Debug.win32\GalleryScene.obj
         Debug.win32\GameEndScene.obj
         Debug.win32\LevelSelectScene.obj
         Debug.win32\MainMenuScene.obj
         Debug.win32\OptionScene.obj
         Debug.win32\PlayingGameScene.obj
         Debug.win32\tinystr.obj
         Debug.win32\tinyxml.obj
         Debug.win32\tinyxmlerror.obj
         Debug.win32\tinyxmlparser.obj
         Debug.win32\VisibleRect.obj
         Debug.win32\main.obj
         CosmosLink.win32.vcxproj -> C:\Users\cfxw-mio\Dark_Flame_Master\cocos2d-2.0-x-2.0.4\Debug.win32\CosmosLink.win32.exe
       FinalizeBuildStatus:
         正在删除文件“Debug.win32\CosmosLink.win32.unsuccessfulbuild”。
         正在对“Debug.win32\CosmosLink.win32.lastbuildstate”执行 Touch 任务。
     1>已完成生成项目“C:\Users\cfxw-mio\Dark_Flame_Master\CPP\VS2010工程\CosmosLink\proj.win32\CosmosLink.win32.vcxproj”(build 个目标)的操作。

生成成功。

已用时间 00:01:12.60
